2025-10-24 14:00:55,477 INFO  [org.jboss.modules] (main) JBoss Modules version 2.1.6.Final
2025-10-24 14:01:04,892 INFO  [org.jboss.msc] (main) JBoss MSC version 1.5.6.Final
2025-10-24 14:01:04,936 INFO  [org.jboss.threads] (main) JBoss Threads version 3.9.1
2025-10-24 14:01:05,516 INFO  [org.jboss.as] (MSC service thread 1-3) WFLYSRV0049: WildFly 38.0.0.Final (WildFly Core 30.0.0.Final) starting
2025-10-24 14:01:05,518 DEBUG [org.jboss.as.config] (MSC service thread 1-3) Configured system properties:
	[Standalone] = 
	file.encoding = UTF-8
	file.separator = /
	java.awt.headless = true
	java.class.path = /mnt/c/Users/uzbek/IdeaProjects/web3/target/server/jboss-modules.jar
	java.class.version = 65.0
	java.home = /usr/lib/jvm/java-21-openjdk-amd64
	java.io.tmpdir = /tmp
	java.library.path = /usr/java/packages/lib:/usr/lib/x86_64-linux-gnu/jni:/lib/x86_64-linux-gnu:/usr/lib/x86_64-linux-gnu:/usr/lib/jni:/lib:/usr/lib
	java.net.preferIPv4Stack = true
	java.runtime.name = OpenJDK Runtime Environment
	java.runtime.version = 21.0.8+9-Ubuntu-0ubuntu124.04.1
	java.specification.name = Java Platform API Specification
	java.specification.vendor = Oracle Corporation
	java.specification.version = 21
	java.util.logging.manager = org.jboss.logmanager.LogManager
	java.vendor = Ubuntu
	java.vendor.url = https://ubuntu.com/
	java.vendor.url.bug = https://bugs.launchpad.net/ubuntu/+source/openjdk-21
	java.version = 21.0.8
	java.version.date = 2025-07-15
	java.vm.compressedOopsMode = 32-bit
	java.vm.info = mixed mode, sharing
	java.vm.name = OpenJDK 64-Bit Server VM
	java.vm.specification.name = Java Virtual Machine Specification
	java.vm.specification.vendor = Oracle Corporation
	java.vm.specification.version = 21
	java.vm.vendor = Ubuntu
	java.vm.version = 21.0.8+9-Ubuntu-0ubuntu124.04.1
	javax.management.builder.initial = org.jboss.as.jmx.PluggableMBeanServerBuilder
	jboss.home.dir = /mnt/c/Users/uzbek/IdeaProjects/web3/target/server
	jboss.host.name = localhost
	jboss.modules.system.pkgs = org.jboss.byteman
	jboss.node.name = localhost
	jboss.qualified.host.name = localhost
	jboss.server.base.dir = /mnt/c/Users/uzbek/IdeaProjects/web3/target/server/standalone
	jboss.server.config.dir = /mnt/c/Users/uzbek/IdeaProjects/web3/target/server/standalone/configuration
	jboss.server.data.dir = /mnt/c/Users/uzbek/IdeaProjects/web3/target/server/standalone/data
	jboss.server.log.dir = /mnt/c/Users/uzbek/IdeaProjects/web3/target/server/standalone/log
	jboss.server.name = localhost
	jboss.server.persist.config = true
	jboss.server.temp.dir = /mnt/c/Users/uzbek/IdeaProjects/web3/target/server/standalone/tmp
	jboss.threads.eqe.statistics = true
	jdk.debug = release
	jdk.serialFilter = maxbytes=10485760;maxdepth=128;maxarray=100000;maxrefs=300000
	line.separator = 

	logging.configuration = file:/mnt/c/Users/uzbek/IdeaProjects/web3/target/server/standalone/configuration/logging.properties
	module.path = /mnt/c/Users/uzbek/IdeaProjects/web3/target/server/modules
	native.encoding = UTF-8
	org.jboss.boot.log.file = /mnt/c/Users/uzbek/IdeaProjects/web3/target/server/standalone/log/server.log
	org.jboss.resolver.warning = true
	os.arch = amd64
	os.name = Linux
	os.version = 5.15.167.4-microsoft-standard-WSL2
	path.separator = :
	stderr.encoding = UTF-8
	stdout.encoding = UTF-8
	sun.arch.data.model = 64
	sun.boot.library.path = /usr/lib/jvm/java-21-openjdk-amd64/lib
	sun.cpu.endian = little
	sun.io.unicode.encoding = UnicodeLittle
	sun.java.command = /mnt/c/Users/uzbek/IdeaProjects/web3/target/server/jboss-modules.jar -mp /mnt/c/Users/uzbek/IdeaProjects/web3/target/server/modules org.jboss.as.standalone -Djboss.home.dir=/mnt/c/Users/uzbek/IdeaProjects/web3/target/server -Djboss.server.base.dir=/mnt/c/Users/uzbek/IdeaProjects/web3/target/server/standalone
	sun.java.launcher = SUN_STANDARD
	sun.jnu.encoding = UTF-8
	sun.management.compiler = HotSpot 64-Bit Tiered Compilers
	user.dir = /mnt/c/Users/uzbek/IdeaProjects/web3
	user.home = /home/bigfloppa
	user.language = en
	user.name = bigfloppa
	user.timezone = Europe/Moscow
2025-10-24 14:01:05,527 DEBUG [org.jboss.as.config] (MSC service thread 1-3) VM Arguments: -D[Standalone] -Djdk.serialFilter=maxbytes=10485760;maxdepth=128;maxarray=100000;maxrefs=300000 -Xms64m -Xmx512m -Djava.net.preferIPv4Stack=true -Djboss.modules.system.pkgs=org.jboss.byteman -Djava.awt.headless=true --add-exports=java.desktop/sun.awt=ALL-UNNAMED --add-exports=java.naming/com.sun.jndi.ldap=ALL-UNNAMED --add-exports=java.naming/com.sun.jndi.url.ldap=ALL-UNNAMED --add-exports=java.naming/com.sun.jndi.url.ldaps=ALL-UNNAMED --add-exports=jdk.naming.dns/com.sun.jndi.dns=ALL-UNNAMED --add-opens=java.base/java.lang=ALL-UNNAMED --add-opens=java.base/java.lang.invoke=ALL-UNNAMED --add-opens=java.base/java.lang.reflect=ALL-UNNAMED --add-opens=java.base/java.io=ALL-UNNAMED --add-opens=java.base/java.net=ALL-UNNAMED --add-opens=java.base/java.security=ALL-UNNAMED --add-opens=java.base/java.util=ALL-UNNAMED --add-opens=java.base/java.util.concurrent=ALL-UNNAMED --add-opens=java.management/javax.management=ALL-UNNAMED --add-opens=java.naming/javax.naming=ALL-UNNAMED -Dorg.jboss.boot.log.file=/mnt/c/Users/uzbek/IdeaProjects/web3/target/server/standalone/log/server.log -Dlogging.configuration=file:/mnt/c/Users/uzbek/IdeaProjects/web3/target/server/standalone/configuration/logging.properties 
2025-10-24 14:01:21,972 INFO  [org.wildfly.security] (Controller Boot Thread) ELY00001: WildFly Elytron version 2.7.0.Final
2025-10-24 14:01:27,024 INFO  [org.jboss.as.server] (Controller Boot Thread) WFLYSRV0039: Creating http management service using socket-binding (management-http)
2025-10-24 14:01:27,073 INFO  [org.xnio] (MSC service thread 1-4) XNIO version 3.8.16.Final
2025-10-24 14:01:27,115 INFO  [org.xnio.nio] (MSC service thread 1-4) XNIO NIO Implementation Version 3.8.16.Final
2025-10-24 14:01:27,256 WARN  [org.jboss.as.txn] (ServerService Thread Pool -- 42) WFLYTX0013: The node-identifier attribute on the /subsystem=transactions is set to the default value. This is a danger for environments running multiple servers. Please make sure the attribute value is unique.
2025-10-24 14:01:27,277 INFO  [org.jboss.as.clustering.infinispan] (ServerService Thread Pool -- 31) WFLYCLINF0001: Activating Infinispan subsystem.
2025-10-24 14:01:27,278 INFO  [org.jboss.as.naming] (ServerService Thread Pool -- 38) WFLYNAM0001: Activating Naming Subsystem
2025-10-24 14:01:27,301 INFO  [org.jboss.as.jaxrs] (ServerService Thread Pool -- 33) WFLYRS0016: RESTEasy version 6.2.14.Final
2025-10-24 14:01:27,358 INFO  [org.jboss.as.jsf] (ServerService Thread Pool -- 37) WFLYJSF0007: Activated the following Jakarta Server Faces Implementations: [main]
2025-10-24 14:01:27,365 INFO  [org.jboss.as.connector] (MSC service thread 1-2) WFLYJCA0009: Starting Jakarta Connectors Subsystem (WildFly/IronJacamar 3.0.14.Final)
2025-10-24 14:01:27,366 INFO  [org.jboss.remoting] (MSC service thread 1-3) JBoss Remoting version 5.0.31.Final
2025-10-24 14:01:27,376 INFO  [org.wildfly.extension.io] (ServerService Thread Pool -- 32) WFLYIO001: Worker 'default' has auto-configured to 32 IO threads with 256 max task threads based on your 16 available processors
2025-10-24 14:01:27,534 INFO  [org.jboss.as.naming] (MSC service thread 1-7) WFLYNAM0003: Starting Naming Service
2025-10-24 14:01:27,689 INFO  [org.jboss.as.server.deployment] (MSC service thread 1-9) WFLYSRV0027: Starting deployment of "web3-1.0-SNAPSHOT.war" (runtime-name: "web3-1.0-SNAPSHOT.war")
2025-10-24 14:01:27,778 INFO  [org.wildfly.extension.undertow] (MSC service thread 1-6) WFLYUT0003: Undertow 2.3.20.Final starting
2025-10-24 14:01:27,779 WARN  [org.wildfly.extension.elytron] (MSC service thread 1-5) WFLYELY00023: KeyStore file '/mnt/c/Users/uzbek/IdeaProjects/web3/target/server/standalone/configuration/application.keystore' does not exist. Used blank.
2025-10-24 14:01:27,831 WARN  [org.wildfly.extension.elytron] (MSC service thread 1-5) WFLYELY01084: KeyStore /mnt/c/Users/uzbek/IdeaProjects/web3/target/server/standalone/configuration/application.keystore not found, it will be auto-generated on first use with a self-signed certificate for host localhost
2025-10-24 14:01:28,061 INFO  [org.wildfly.extension.undertow] (MSC service thread 1-5) WFLYUT0012: Started server default-server.
2025-10-24 14:01:28,067 INFO  [org.wildfly.extension.undertow] (MSC service thread 1-5) Queuing requests.
2025-10-24 14:01:28,072 INFO  [org.wildfly.extension.undertow] (MSC service thread 1-5) WFLYUT0018: Host default-host starting
2025-10-24 14:01:28,191 INFO  [org.wildfly.extension.undertow] (MSC service thread 1-3) WFLYUT0006: Undertow HTTP listener default listening on 127.0.0.1:8080
2025-10-24 14:06:41,783 INFO  [org.jboss.modules] (main) JBoss Modules version 2.1.6.Final
2025-10-24 14:06:43,735 INFO  [org.jboss.msc] (main) JBoss MSC version 1.5.6.Final
2025-10-24 14:06:43,765 INFO  [org.jboss.threads] (main) JBoss Threads version 3.9.1
2025-10-24 14:06:44,209 INFO  [org.jboss.as] (MSC service thread 1-2) WFLYSRV0049: WildFly 38.0.0.Final (WildFly Core 30.0.0.Final) starting
2025-10-24 14:06:44,211 DEBUG [org.jboss.as.config] (MSC service thread 1-2) Configured system properties:
	[Standalone] = 
	file.encoding = UTF-8
	file.separator = /
	java.awt.headless = true
	java.class.path = /mnt/c/Users/uzbek/IdeaProjects/web3/target/server/jboss-modules.jar
	java.class.version = 65.0
	java.home = /usr/lib/jvm/java-21-openjdk-amd64
	java.io.tmpdir = /tmp
	java.library.path = /usr/java/packages/lib:/usr/lib/x86_64-linux-gnu/jni:/lib/x86_64-linux-gnu:/usr/lib/x86_64-linux-gnu:/usr/lib/jni:/lib:/usr/lib
	java.net.preferIPv4Stack = true
	java.runtime.name = OpenJDK Runtime Environment
	java.runtime.version = 21.0.8+9-Ubuntu-0ubuntu124.04.1
	java.specification.name = Java Platform API Specification
	java.specification.vendor = Oracle Corporation
	java.specification.version = 21
	java.util.logging.manager = org.jboss.logmanager.LogManager
	java.vendor = Ubuntu
	java.vendor.url = https://ubuntu.com/
	java.vendor.url.bug = https://bugs.launchpad.net/ubuntu/+source/openjdk-21
	java.version = 21.0.8
	java.version.date = 2025-07-15
	java.vm.compressedOopsMode = 32-bit
	java.vm.info = mixed mode, sharing
	java.vm.name = OpenJDK 64-Bit Server VM
	java.vm.specification.name = Java Virtual Machine Specification
	java.vm.specification.vendor = Oracle Corporation
	java.vm.specification.version = 21
	java.vm.vendor = Ubuntu
	java.vm.version = 21.0.8+9-Ubuntu-0ubuntu124.04.1
	javax.management.builder.initial = org.jboss.as.jmx.PluggableMBeanServerBuilder
	jboss.home.dir = /mnt/c/Users/uzbek/IdeaProjects/web3/target/server
	jboss.host.name = localhost
	jboss.modules.system.pkgs = org.jboss.byteman
	jboss.node.name = localhost
	jboss.qualified.host.name = localhost
	jboss.server.base.dir = /mnt/c/Users/uzbek/IdeaProjects/web3/target/server/standalone
	jboss.server.config.dir = /mnt/c/Users/uzbek/IdeaProjects/web3/target/server/standalone/configuration
	jboss.server.data.dir = /mnt/c/Users/uzbek/IdeaProjects/web3/target/server/standalone/data
	jboss.server.log.dir = /mnt/c/Users/uzbek/IdeaProjects/web3/target/server/standalone/log
	jboss.server.name = localhost
	jboss.server.persist.config = true
	jboss.server.temp.dir = /mnt/c/Users/uzbek/IdeaProjects/web3/target/server/standalone/tmp
	jboss.threads.eqe.statistics = true
	jdk.debug = release
	jdk.serialFilter = maxbytes=10485760;maxdepth=128;maxarray=100000;maxrefs=300000
	line.separator = 

	logging.configuration = file:/mnt/c/Users/uzbek/IdeaProjects/web3/target/server/standalone/configuration/logging.properties
	module.path = /mnt/c/Users/uzbek/IdeaProjects/web3/target/server/modules
	native.encoding = UTF-8
	org.jboss.boot.log.file = /mnt/c/Users/uzbek/IdeaProjects/web3/target/server/standalone/log/server.log
	org.jboss.resolver.warning = true
	os.arch = amd64
	os.name = Linux
	os.version = 5.15.167.4-microsoft-standard-WSL2
	path.separator = :
	stderr.encoding = UTF-8
	stdout.encoding = UTF-8
	sun.arch.data.model = 64
	sun.boot.library.path = /usr/lib/jvm/java-21-openjdk-amd64/lib
	sun.cpu.endian = little
	sun.io.unicode.encoding = UnicodeLittle
	sun.java.command = /mnt/c/Users/uzbek/IdeaProjects/web3/target/server/jboss-modules.jar -mp /mnt/c/Users/uzbek/IdeaProjects/web3/target/server/modules org.jboss.as.standalone -Djboss.home.dir=/mnt/c/Users/uzbek/IdeaProjects/web3/target/server -Djboss.server.base.dir=/mnt/c/Users/uzbek/IdeaProjects/web3/target/server/standalone
	sun.java.launcher = SUN_STANDARD
	sun.jnu.encoding = UTF-8
	sun.management.compiler = HotSpot 64-Bit Tiered Compilers
	user.dir = /mnt/c/Users/uzbek/IdeaProjects/web3
	user.home = /home/bigfloppa
	user.language = en
	user.name = bigfloppa
	user.timezone = Europe/Moscow
2025-10-24 14:06:44,214 DEBUG [org.jboss.as.config] (MSC service thread 1-2) VM Arguments: -D[Standalone] -Djdk.serialFilter=maxbytes=10485760;maxdepth=128;maxarray=100000;maxrefs=300000 -Xms64m -Xmx512m -Djava.net.preferIPv4Stack=true -Djboss.modules.system.pkgs=org.jboss.byteman -Djava.awt.headless=true --add-exports=java.desktop/sun.awt=ALL-UNNAMED --add-exports=java.naming/com.sun.jndi.ldap=ALL-UNNAMED --add-exports=java.naming/com.sun.jndi.url.ldap=ALL-UNNAMED --add-exports=java.naming/com.sun.jndi.url.ldaps=ALL-UNNAMED --add-exports=jdk.naming.dns/com.sun.jndi.dns=ALL-UNNAMED --add-opens=java.base/java.lang=ALL-UNNAMED --add-opens=java.base/java.lang.invoke=ALL-UNNAMED --add-opens=java.base/java.lang.reflect=ALL-UNNAMED --add-opens=java.base/java.io=ALL-UNNAMED --add-opens=java.base/java.net=ALL-UNNAMED --add-opens=java.base/java.security=ALL-UNNAMED --add-opens=java.base/java.util=ALL-UNNAMED --add-opens=java.base/java.util.concurrent=ALL-UNNAMED --add-opens=java.management/javax.management=ALL-UNNAMED --add-opens=java.naming/javax.naming=ALL-UNNAMED -Dorg.jboss.boot.log.file=/mnt/c/Users/uzbek/IdeaProjects/web3/target/server/standalone/log/server.log -Dlogging.configuration=file:/mnt/c/Users/uzbek/IdeaProjects/web3/target/server/standalone/configuration/logging.properties 
2025-10-24 14:06:47,527 INFO  [org.wildfly.security] (Controller Boot Thread) ELY00001: WildFly Elytron version 2.7.0.Final
2025-10-24 14:06:50,366 INFO  [org.jboss.as.server] (Controller Boot Thread) WFLYSRV0039: Creating http management service using socket-binding (management-http)
2025-10-24 14:06:50,466 INFO  [org.xnio] (MSC service thread 1-6) XNIO version 3.8.16.Final
2025-10-24 14:06:50,491 INFO  [org.xnio.nio] (MSC service thread 1-6) XNIO NIO Implementation Version 3.8.16.Final
2025-10-24 14:06:50,614 INFO  [org.jboss.as.clustering.infinispan] (ServerService Thread Pool -- 31) WFLYCLINF0001: Activating Infinispan subsystem.
2025-10-24 14:06:50,615 WARN  [org.jboss.as.txn] (ServerService Thread Pool -- 42) WFLYTX0013: The node-identifier attribute on the /subsystem=transactions is set to the default value. This is a danger for environments running multiple servers. Please make sure the attribute value is unique.
2025-10-24 14:06:50,626 INFO  [org.jboss.as.naming] (ServerService Thread Pool -- 38) WFLYNAM0001: Activating Naming Subsystem
2025-10-24 14:06:50,629 INFO  [org.jboss.as.jaxrs] (ServerService Thread Pool -- 33) WFLYRS0016: RESTEasy version 6.2.14.Final
2025-10-24 14:06:50,702 INFO  [org.jboss.as.connector] (MSC service thread 1-9) WFLYJCA0009: Starting Jakarta Connectors Subsystem (WildFly/IronJacamar 3.0.14.Final)
2025-10-24 14:06:50,706 INFO  [org.jboss.as.jsf] (ServerService Thread Pool -- 37) WFLYJSF0007: Activated the following Jakarta Server Faces Implementations: [main]
2025-10-24 14:06:50,707 INFO  [org.wildfly.extension.io] (ServerService Thread Pool -- 32) WFLYIO001: Worker 'default' has auto-configured to 32 IO threads with 256 max task threads based on your 16 available processors
2025-10-24 14:06:50,788 INFO  [org.jboss.remoting] (MSC service thread 1-6) JBoss Remoting version 5.0.31.Final
2025-10-24 14:06:50,907 INFO  [org.jboss.as.naming] (MSC service thread 1-7) WFLYNAM0003: Starting Naming Service
2025-10-24 14:06:50,913 INFO  [org.jboss.as.server.deployment] (MSC service thread 1-5) WFLYSRV0027: Starting deployment of "web3-1.0-SNAPSHOT.war" (runtime-name: "web3-1.0-SNAPSHOT.war")
2025-10-24 14:06:50,971 INFO  [org.wildfly.extension.undertow] (MSC service thread 1-9) WFLYUT0003: Undertow 2.3.20.Final starting
2025-10-24 14:06:51,095 WARN  [org.wildfly.extension.elytron] (MSC service thread 1-9) WFLYELY00023: KeyStore file '/mnt/c/Users/uzbek/IdeaProjects/web3/target/server/standalone/configuration/application.keystore' does not exist. Used blank.
2025-10-24 14:06:51,149 WARN  [org.wildfly.extension.elytron] (MSC service thread 1-9) WFLYELY01084: KeyStore /mnt/c/Users/uzbek/IdeaProjects/web3/target/server/standalone/configuration/application.keystore not found, it will be auto-generated on first use with a self-signed certificate for host localhost
2025-10-24 14:06:51,279 INFO  [org.wildfly.extension.undertow] (MSC service thread 1-8) WFLYUT0012: Started server default-server.
2025-10-24 14:06:51,287 INFO  [org.wildfly.extension.undertow] (MSC service thread 1-6) Queuing requests.
2025-10-24 14:06:51,295 INFO  [org.wildfly.extension.undertow] (MSC service thread 1-6) WFLYUT0018: Host default-host starting
2025-10-24 14:06:51,532 INFO  [org.wildfly.extension.undertow] (MSC service thread 1-8) WFLYUT0006: Undertow HTTP listener default listening on 127.0.0.1:8080
